[2024-03-06 00:25:27.632 +00:00] [INF] [300] Emby.Server.Implementations.ScheduledTasks.TaskManager: "IntervalTrigger" fired for task: "Download missing subtitles"
[2024-03-06 00:25:27.633 +00:00] [INF] [300] Emby.Server.Implementations.ScheduledTasks.TaskManager: Queuing task "SubtitleScheduledTask"
[2024-03-06 00:25:27.633 +00:00] [INF] [301] Emby.Server.Implementations.ScheduledTasks.TaskManager: Executing "Download missing subtitles"
[2024-03-06 00:25:27.635 +00:00] [INF] [295] Emby.Server.Implementations.ScheduledTasks.TaskManager: "IntervalTrigger" fired for task: "Refresh People"
[2024-03-06 00:25:27.635 +00:00] [INF] [298] Emby.Server.Implementations.ScheduledTasks.TaskManager: "IntervalTrigger" fired for task: "Clean Cache Directory"
[2024-03-06 00:25:27.635 +00:00] [INF] [295] Emby.Server.Implementations.ScheduledTasks.TaskManager: Queuing task "PeopleValidationTask"
[2024-03-06 00:25:27.636 +00:00] [INF] [298] Emby.Server.Implementations.ScheduledTasks.TaskManager: Queuing task "DeleteCacheFileTask"
[2024-03-06 00:25:27.636 +00:00] [INF] [296] Emby.Server.Implementations.ScheduledTasks.TaskManager: "IntervalTrigger" fired for task: "Optimize database"
[2024-03-06 00:25:27.636 +00:00] [INF] [300] Emby.Server.Implementations.ScheduledTasks.TaskManager: "IntervalTrigger" fired for task: "Clean Log Directory"
[2024-03-06 00:25:27.636 +00:00] [INF] [300] Emby.Server.Implementations.ScheduledTasks.TaskManager: Queuing task "DeleteLogFileTask"
[2024-03-06 00:25:27.636 +00:00] [INF] [295] Emby.Server.Implementations.ScheduledTasks.TaskManager: Executing "Refresh People"
[2024-03-06 00:25:27.636 +00:00] [INF] [296] Emby.Server.Implementations.ScheduledTasks.TaskManager: Queuing task "OptimizeDatabaseTask"
[2024-03-06 00:25:27.636 +00:00] [INF] [298] Emby.Server.Implementations.ScheduledTasks.TaskManager: Executing "Clean Cache Directory"
[2024-03-06 00:25:27.636 +00:00] [INF] [300] Emby.Server.Implementations.ScheduledTasks.TaskManager: Executing "Clean Log Directory"
[2024-03-06 00:25:27.636 +00:00] [INF] [296] Emby.Server.Implementations.ScheduledTasks.TaskManager: Executing "Optimize database"
[2024-03-06 00:25:27.636 +00:00] [INF] [297] Emby.Server.Implementations.ScheduledTasks.TaskManager: "IntervalTrigger" fired for task: "Clean Transcode Directory"
[2024-03-06 00:25:27.636 +00:00] [INF] [297] Emby.Server.Implementations.ScheduledTasks.TaskManager: Queuing task "DeleteTranscodeFileTask"
[2024-03-06 00:25:27.636 +00:00] [INF] [297] Emby.Server.Implementations.ScheduledTasks.TaskManager: Executing "Clean Transcode Directory"
[2024-03-06 00:25:27.637 +00:00] [INF] [296] Emby.Server.Implementations.ScheduledTasks.Tasks.OptimizeDatabaseTask: Optimizing and vacuuming jellyfin.db...
[2024-03-06 00:25:27.640 +00:00] [INF] [300] Emby.Server.Implementations.ScheduledTasks.TaskManager: "Clean Log Directory" Completed after 0 minute(s) and 0 seconds
[2024-03-06 00:25:27.640 +00:00] [INF] [297] Emby.Server.Implementations.ScheduledTasks.TaskManager: "Clean Transcode Directory" Completed after 0 minute(s) and 0 seconds
[2024-03-06 00:25:27.641 +00:00] [INF] [298] Emby.Server.Implementations.ScheduledTasks.TaskManager: "Clean Cache Directory" Completed after 0 minute(s) and 0 seconds
[2024-03-06 00:25:27.642 +00:00] [INF] [297] Emby.Server.Implementations.ScheduledTasks.TaskManager: ExecuteQueuedTasks
[2024-03-06 00:25:27.642 +00:00] [INF] [298] Emby.Server.Implementations.ScheduledTasks.TaskManager: ExecuteQueuedTasks
[2024-03-06 00:25:27.642 +00:00] [INF] [300] Emby.Server.Implementations.ScheduledTasks.TaskManager: ExecuteQueuedTasks
[2024-03-06 00:25:27.699 +00:00] [INF] [297] Emby.Server.Implementations.ScheduledTasks.TaskManager: "IntervalTrigger" fired for task: "Refresh Guide"
[2024-03-06 00:25:27.699 +00:00] [INF] [298] Emby.Server.Implementations.ScheduledTasks.TaskManager: "IntervalTrigger" fired for task: "TasksRefreshChannels"
[2024-03-06 00:25:27.699 +00:00] [INF] [297] Emby.Server.Implementations.ScheduledTasks.TaskManager: Queuing task "RefreshGuideScheduledTask"
[2024-03-06 00:25:27.699 +00:00] [INF] [298] Emby.Server.Implementations.ScheduledTasks.TaskManager: Queuing task "RefreshChannelsScheduledTask"
[2024-03-06 00:25:27.699 +00:00] [INF] [297] Emby.Server.Implementations.ScheduledTasks.TaskManager: Executing "Refresh Guide"
[2024-03-06 00:25:27.699 +00:00] [INF] [298] Emby.Server.Implementations.ScheduledTasks.TaskManager: Executing "TasksRefreshChannels"
[2024-03-06 00:25:27.701 +00:00] [INF] [301] Emby.Server.Implementations.ScheduledTasks.TaskManager: "Download missing subtitles" Completed after 0 minute(s) and 0 seconds
[2024-03-06 00:25:27.702 +00:00] [INF] [301] Emby.Server.Implementations.ScheduledTasks.TaskManager: ExecuteQueuedTasks
[2024-03-06 00:25:27.724 +00:00] [INF] [295] Emby.Server.Implementations.Library.LibraryManager: People validation complete
[2024-03-06 00:25:27.724 +00:00] [INF] [295] Emby.Server.Implementations.ScheduledTasks.TaskManager: "Refresh People" Completed after 0 minute(s) and 0 seconds
[2024-03-06 00:25:27.724 +00:00] [INF] [298] Emby.Server.Implementations.ScheduledTasks.TaskManager: "TasksRefreshChannels" Completed after 0 minute(s) and 0 seconds
[2024-03-06 00:25:27.724 +00:00] [INF] [295] Emby.Server.Implementations.ScheduledTasks.TaskManager: ExecuteQueuedTasks
[2024-03-06 00:25:27.746 +00:00] [INF] [296] Emby.Server.Implementations.ScheduledTasks.Tasks.OptimizeDatabaseTask: jellyfin.db optimized successfully!
[2024-03-06 00:25:27.746 +00:00] [INF] [298] Emby.Server.Implementations.ScheduledTasks.TaskManager: ExecuteQueuedTasks
[2024-03-06 00:25:27.746 +00:00] [INF] [296] Emby.Server.Implementations.ScheduledTasks.TaskManager: "Optimize database" Completed after 0 minute(s) and 0 seconds
[2024-03-06 00:25:27.762 +00:00] [INF] [296] Emby.Server.Implementations.ScheduledTasks.TaskManager: ExecuteQueuedTasks
[2024-03-06 00:25:30.830 +00:00] [INF] [300] Emby.Server.Implementations.LiveTv.LiveTvManager: Refreshing guide with 7 days of guide data
[2024-03-06 00:25:30.843 +00:00] [INF] [300] Emby.Server.Implementations.ScheduledTasks.TaskManager: "Refresh Guide" Completed after 0 minute(s) and 3 seconds
[2024-03-06 00:25:30.843 +00:00] [INF] [300] Emby.Server.Implementations.ScheduledTasks.TaskManager: ExecuteQueuedTasks
[2024-03-06 01:25:28.701 +00:00] [INF] [354] Emby.Server.Implementations.ScheduledTasks.TaskManager: "IntervalTrigger" fired for task: "Refresh Guide"
[2024-03-06 01:25:28.701 +00:00] [INF] [354] Emby.Server.Implementations.ScheduledTasks.TaskManager: Queuing task "RefreshGuideScheduledTask"
[2024-03-06 01:25:28.701 +00:00] [INF] [354] Emby.Server.Implementations.ScheduledTasks.TaskManager: Executing "Refresh Guide"
[2024-03-06 01:25:31.706 +00:00] [INF] [357] Emby.Server.Implementations.LiveTv.LiveTvManager: Refreshing guide with 7 days of guide data
[2024-03-06 01:25:31.707 +00:00] [INF] [357] Emby.Server.Implementations.ScheduledTasks.TaskManager: "Refresh Guide" Completed after 0 minute(s) and 3 seconds
[2024-03-06 01:25:31.707 +00:00] [INF] [357] Emby.Server.Implementations.ScheduledTasks.TaskManager: ExecuteQueuedTasks
[2024-03-06 02:00:00.002 +00:00] [INF] [214] Emby.Server.Implementations.ScheduledTasks.TaskManager: "DailyTrigger" fired for task: "Extract Chapter Images"
[2024-03-06 02:00:00.002 +00:00] [INF] [214] Emby.Server.Implementations.ScheduledTasks.TaskManager: Queuing task "ChapterImagesTask"
[2024-03-06 02:00:00.002 +00:00] [INF] [215] Emby.Server.Implementations.ScheduledTasks.TaskManager: Executing "Extract Chapter Images"
[2024-03-06 02:00:00.088 +00:00] [INF] [215] Emby.Server.Implementations.ScheduledTasks.TaskManager: "Extract Chapter Images" Completed after 0 minute(s) and 0 seconds
[2024-03-06 02:00:00.088 +00:00] [INF] [215] Emby.Server.Implementations.ScheduledTasks.TaskManager: ExecuteQueuedTasks
[2024-03-06 02:00:01.003 +00:00] [INF] [215] Emby.Server.Implementations.ScheduledTasks.TaskManager: Daily trigger for "Extract Chapter Images" set to fire at 2024-03-07 02:00:00.000 +00:00, which is 23:59:58.9966490 from now.
[2024-03-06 08:58:11.459 +00:00] [INF] [411] Emby.Server.Implementations.ScheduledTasks.TaskManager: "IntervalTrigger" fired for task: "Scan Media Library"
[2024-03-06 08:58:11.459 +00:00] [INF] [411] Emby.Server.Implementations.ScheduledTasks.TaskManager: Queuing task "RefreshMediaLibraryTask"
[2024-03-06 08:58:11.460 +00:00] [INF] [143] Emby.Server.Implementations.ScheduledTasks.TaskManager: Executing "Scan Media Library"
[2024-03-06 08:58:11.468 +00:00] [INF] [143] Emby.Server.Implementations.Library.LibraryManager: Validating media library
[2024-03-06 08:58:11.977 +00:00] [INF] [408] Emby.Server.Implementations.Library.LibraryManager: Removing item, Type: "Folder", Name: "courses", Path: "/media/courses", Id: 0c700a63-600e-7f6f-3cb2-8c96b5e88894
[2024-03-06 08:58:14.357 +00:00] [INF] [408] Emby.Server.Implementations.Library.LibraryManager: Removing item, Type: "Folder", Name: "[ FreeCryptoLearn.com ] Udemy - No-Coding Profitable Algorithmic Trading using Tradingview!", Path: "/media/[ FreeCryptoLearn.com ] Udemy - No-Coding Profitable Algorithmic Trading using Tradingview!", Id: 62e7e537-1bd7-0281-cb47-8388b4cd8473
[2024-03-06 08:58:22.200 +00:00] [ERR] [148] Emby.Server.Implementations.Library.LibraryManager: Error running post-scan task
System.ArgumentException: Not enough valid pictures provided to create a splashscreen!
   at Jellyfin.Drawing.Skia.SplashscreenBuilder.GenerateCollage(IReadOnlyList`1 posters, IReadOnlyList`1 backdrops)
   at Jellyfin.Drawing.Skia.SplashscreenBuilder.GenerateSplash(IReadOnlyList`1 posters, IReadOnlyList`1 backdrops, String outputPath)
   at Jellyfin.Drawing.Skia.SkiaEncoder.CreateSplashscreen(IReadOnlyList`1 posters, IReadOnlyList`1 backdrops)
   at Emby.Server.Implementations.Library.SplashscreenPostScanTask.Run(IProgress`1 progress, CancellationToken cancellationToken)
   at Emby.Server.Implementations.Library.LibraryManager.RunPostScanTasks(IProgress`1 progress, CancellationToken cancellationToken)
[2024-03-06 08:58:22.235 +00:00] [INF] [148] Emby.Server.Implementations.ScheduledTasks.TaskManager: "Scan Media Library" Completed after 0 minute(s) and 10 seconds
[2024-03-06 08:58:22.236 +00:00] [INF] [148] Emby.Server.Implementations.ScheduledTasks.TaskManager: ExecuteQueuedTasks
[2024-03-06 20:54:00.469 +00:00] [INF] [2] Main: Received a SIGTERM signal, shutting down
[2024-03-06 20:54:00.472 +00:00] [INF] [2] Main: Running query planner optimizations in the database... This might take a while
[2024-03-06 20:54:00.489 +00:00] [INF] [2] Emby.Server.Implementations.ApplicationHost: Disposing "CoreAppHost"
[2024-03-06 20:54:00.491 +00:00] [INF] [2] Emby.Server.Implementations.ApplicationHost: Disposing "EntryPoint"
[2024-03-06 20:54:00.491 +00:00] [INF] [2] Emby.Server.Implementations.ApplicationHost: Disposing "EntryPoint"
[2024-03-06 20:54:00.491 +00:00] [INF] [2] Emby.Server.Implementations.ApplicationHost: Disposing "UserDataChangeNotifier"
[2024-03-06 20:54:00.492 +00:00] [INF] [2] Emby.Server.Implementations.ApplicationHost: Disposing "MusicBrainzAlbumProvider"
[2024-03-06 20:54:00.492 +00:00] [INF] [2] Emby.Server.Implementations.ApplicationHost: Disposing "ExternalPortForwarding"
[2024-03-06 20:54:00.493 +00:00] [INF] [2] Emby.Server.Implementations.EntryPoints.ExternalPortForwarding: Stopping NAT discovery
[2024-03-06 20:54:00.498 +00:00] [INF] [2] Emby.Server.Implementations.ApplicationHost: Disposing "LibraryChangedNotifier"
[2024-03-06 20:54:00.499 +00:00] [INF] [2] Emby.Server.Implementations.ApplicationHost: Disposing "RecordingNotifier"
[2024-03-06 20:54:00.501 +00:00] [INF] [2] Emby.Server.Implementations.ApplicationHost: Disposing "DeviceAccessEntryPoint"
[2024-03-06 20:54:00.501 +00:00] [INF] [2] Emby.Server.Implementations.ApplicationHost: Disposing "SchedulesDirect"
[2024-03-06 20:54:00.501 +00:00] [INF] [2] Emby.Server.Implementations.ApplicationHost: Disposing "EmbyTV"
[2024-03-06 20:54:00.502 +00:00] [INF] [2] Emby.Server.Implementations.ApplicationHost: Disposing "NotificationEntryPoint"
[2024-03-06 20:54:00.503 +00:00] [INF] [2] Emby.Server.Implementations.ApplicationHost: Disposing "LibraryMonitorStartup"
[2024-03-06 20:54:00.503 +00:00] [INF] [2] Emby.Server.Implementations.ApplicationHost: Disposing "UdpServerEntryPoint"
[2024-03-06 20:54:00.504 +00:00] [INF] [2] Emby.Server.Implementations.ApplicationHost: Disposing "DlnaEntryPoint"
[2024-03-06 20:54:00.505 +00:00] [INF] [2] Emby.Dlna.Main.DlnaEntryPoint: Disposing PlayToManager
[2024-03-06 20:54:00.505 +00:00] [INF] [2] Emby.Dlna.Main.DlnaEntryPoint: Disposing DeviceDiscovery
[2024-03-06 20:54:00.506 +00:00] [INF] [2] Emby.Dlna.Main.DlnaEntryPoint: Disposing SsdpCommunicationsServer
[2024-03-06 20:54:00.507 +00:00] [INF] [2] Emby.Dlna.Main.DlnaEntryPoint: "SsdpCommunicationsServer" disposing _BroadcastListenSocket
[2024-03-06 20:54:00.508 +00:00] [INF] [2] Emby.Dlna.Main.DlnaEntryPoint: "SsdpCommunicationsServer" Disposing 3 sendSockets
[2024-03-06 20:54:00.508 +00:00] [INF] [2] Emby.Dlna.Main.DlnaEntryPoint: "SsdpCommunicationsServer" disposing sendSocket from "0.0.0.0"
[2024-03-06 20:54:00.509 +00:00] [INF] [2] Emby.Dlna.Main.DlnaEntryPoint: "SsdpCommunicationsServer" disposing sendSocket from "172.18.0.13"
[2024-03-06 20:54:00.509 +00:00] [INF] [2] Emby.Dlna.Main.DlnaEntryPoint: "SsdpCommunicationsServer" disposing sendSocket from "127.0.0.1"
[2024-03-06 20:54:53.602 +00:00] [INF] [1] Main: Jellyfin version: "10.8.13"
[2024-03-06 20:54:53.644 +00:00] [INF] [1] Main: Environment Variables: ["[JELLYFIN_FFMPEG, /usr/lib/jellyfin-ffmpeg/ffmpeg]", "[JELLYFIN_CACHE_DIR, /cache]", "[DOTNET_SYSTEM_GLOBALIZATION_INVARIANT, 1]", "[JELLYFIN_CONFIG_DIR, /config/config]", "[JELLYFIN_LOG_DIR, /config/log]", "[JELLYFIN_WEB_DIR, /jellyfin/jellyfin-web]", "[JELLYFIN_DATA_DIR, /config]", "[JELLYFIN_PublishedServerUrl, http://jf.docker.phonkd.net]"]
[2024-03-06 20:54:53.648 +00:00] [INF] [1] Main: Arguments: ["/jellyfin/jellyfin.dll"]
[2024-03-06 20:54:53.650 +00:00] [INF] [1] Main: Operating system: "Linux"
[2024-03-06 20:54:53.650 +00:00] [INF] [1] Main: Architecture: X64
[2024-03-06 20:54:53.651 +00:00] [INF] [1] Main: 64-Bit Process: True
[2024-03-06 20:54:53.651 +00:00] [INF] [1] Main: User Interactive: True
[2024-03-06 20:54:53.651 +00:00] [INF] [1] Main: Processor count: 6
[2024-03-06 20:54:53.651 +00:00] [INF] [1] Main: Program data path: "/config"
[2024-03-06 20:54:53.651 +00:00] [INF] [1] Main: Web resources path: "/jellyfin/jellyfin-web"
[2024-03-06 20:54:53.651 +00:00] [INF] [1] Main: Application directory: "/jellyfin/"
[2024-03-06 20:54:54.106 +00:00] [INF] [1] Emby.Server.Implementations.AppBase.BaseConfigurationManager: Setting cache path: "/cache"
[2024-03-06 20:54:54.326 +00:00] [INF] [1] Emby.Server.Implementations.ApplicationHost: Loading assemblies
[2024-03-06 20:54:55.149 +00:00] [INF] [1] Jellyfin.Networking.Manager.NetworkManager: Defined LAN addresses : "[10.0.0.0/8,172.16.0.0/12,192.168.0.0/16]"
[2024-03-06 20:54:55.149 +00:00] [INF] [1] Jellyfin.Networking.Manager.NetworkManager: Defined LAN exclusions : "[]"
[2024-03-06 20:54:55.151 +00:00] [INF] [1] Jellyfin.Networking.Manager.NetworkManager: Using LAN addresses: "[10.0.0.0/8,172.16.0.0/12,192.168.0.0/16]"
[2024-03-06 20:54:55.168 +00:00] [INF] [1] Jellyfin.Networking.Manager.NetworkManager: Using bind addresses: "[]"
[2024-03-06 20:54:55.168 +00:00] [INF] [1] Jellyfin.Networking.Manager.NetworkManager: Using bind exclusions: "[]"
[2024-03-06 20:55:00.306 +00:00] [INF] [1] Emby.Server.Implementations.Plugins.PluginManager: Loaded plugin: "TMDb" "10.8.13.0"
[2024-03-06 20:55:00.307 +00:00] [INF] [1] Emby.Server.Implementations.Plugins.PluginManager: Loaded plugin: "Studio Images" "10.8.13.0"
[2024-03-06 20:55:00.308 +00:00] [INF] [1] Emby.Server.Implementations.Plugins.PluginManager: Loaded plugin: "OMDb" "10.8.13.0"
[2024-03-06 20:55:00.308 +00:00] [INF] [1] Emby.Server.Implementations.Plugins.PluginManager: Loaded plugin: "MusicBrainz" "10.8.13.0"
[2024-03-06 20:55:00.309 +00:00] [INF] [1] Emby.Server.Implementations.Plugins.PluginManager: Loaded plugin: "AudioDB" "10.8.13.0"
[2024-03-06 20:55:00.918 +00:00] [INF] [1] Main: Kestrel listening on "Any IP4 Address"
[2024-03-06 20:55:01.615 +00:00] [INF] [1] Emby.Server.Implementations.ApplicationHost: Running startup tasks
[2024-03-06 20:55:01.702 +00:00] [INF] [1] Emby.Server.Implementations.ScheduledTasks.TaskManager: Daily trigger for "Extract Chapter Images" set to fire at 2024-03-07 02:00:00.000 +00:00, which is 05:04:58.2974805 from now.
[2024-03-06 20:55:02.362 +00:00] [INF] [1] MediaBrowser.MediaEncoding.Encoder.MediaEncoder: Found ffmpeg version "5.1.4"
[2024-03-06 20:55:02.430 +00:00] [INF] [1] MediaBrowser.MediaEncoding.Encoder.MediaEncoder: Available "decoders": ["libdav1d", "av1", "av1_cuvid", "av1_qsv", "h264", "h264_qsv", "h264_cuvid", "hevc", "hevc_qsv", "hevc_cuvid", "mpeg2video", "mpeg2_qsv", "mpeg2_cuvid", "mpeg4", "mpeg4_cuvid", "msmpeg4", "vc1_qsv", "vc1_cuvid", "vp8", "libvpx", "vp8_cuvid", "vp8_qsv", "vp9", "libvpx-vp9", "vp9_cuvid", "vp9_qsv", "aac", "ac3", "dca", "flac", "mp3", "truehd"]
[2024-03-06 20:55:02.477 +00:00] [INF] [1] MediaBrowser.MediaEncoding.Encoder.MediaEncoder: Available "encoders": ["libx264", "h264_amf", "h264_nvenc", "h264_qsv", "h264_v4l2m2m", "h264_vaapi", "libx265", "hevc_amf", "hevc_nvenc", "hevc_qsv", "hevc_vaapi", "mpeg4", "msmpeg4", "libvpx", "libvpx-vp9", "aac", "libfdk_aac", "ac3", "dca", "flac", "libmp3lame", "libopus", "truehd", "libvorbis", "srt"]
[2024-03-06 20:55:02.526 +00:00] [INF] [1] MediaBrowser.MediaEncoding.Encoder.MediaEncoder: Available filters: ["deinterlace_qsv", "deinterlace_vaapi", "hwupload_cuda", "hwupload_vaapi", "overlay_opencl", "overlay_qsv", "overlay_vaapi", "overlay_cuda", "procamp_vaapi", "scale_cuda", "scale_opencl", "scale_qsv", "scale_vaapi", "tonemap_cuda", "tonemap_opencl", "tonemap_vaapi", "vpp_qsv", "yadif_cuda", "zscale", "alphasrc"]
[2024-03-06 20:55:02.830 +00:00] [INF] [1] MediaBrowser.MediaEncoding.Encoder.MediaEncoder: Available hwaccel types: ["cuda", "vaapi", "qsv", "drm", "opencl", "vulkan"]
[2024-03-06 20:55:03.069 +00:00] [INF] [1] MediaBrowser.MediaEncoding.Encoder.MediaEncoder: FFmpeg: "/usr/lib/jellyfin-ffmpeg/ffmpeg"
[2024-03-06 20:55:03.071 +00:00] [INF] [1] Emby.Server.Implementations.ApplicationHost: ServerId: "6a4fb675e8494ff3a09aba24469d16d2"
[2024-03-06 20:55:03.210 +00:00] [INF] [1] Emby.Server.Implementations.ApplicationHost: Executed all pre-startup entry points in 0:00:00.1270769
[2024-03-06 20:55:03.210 +00:00] [INF] [1] Emby.Server.Implementations.ApplicationHost: Core startup complete
[2024-03-06 20:55:03.476 +00:00] [INF] [1] Emby.Server.Implementations.ApplicationHost: Executed all post-startup entry points in 0:00:00.2656344
[2024-03-06 20:55:03.476 +00:00] [INF] [1] Main: Startup complete 0:00:10.4874047
[2024-03-06 20:55:04.717 +00:00] [INF] [13] Emby.Server.Implementations.ScheduledTasks.TaskManager: "StartupTrigger" fired for task: "Update Plugins"
[2024-03-06 20:55:04.719 +00:00] [INF] [13] Emby.Server.Implementations.ScheduledTasks.TaskManager: Queuing task "PluginUpdateTask"
[2024-03-06 20:55:04.723 +00:00] [INF] [14] Emby.Server.Implementations.ScheduledTasks.TaskManager: Executing "Update Plugins"
[2024-03-06 20:55:07.559 +00:00] [INF] [11] Emby.Server.Implementations.ScheduledTasks.TaskManager: "Update Plugins" Completed after 0 minute(s) and 2 seconds
[2024-03-06 20:55:07.570 +00:00] [INF] [11] Emby.Server.Implementations.ScheduledTasks.TaskManager: ExecuteQueuedTasks
[2024-03-06 20:55:22.217 +00:00] [WRN] [14] Microsoft.EntityFrameworkCore.Model.Validation: The entity type '"AccessSchedule"' is configured to use schema '"jellyfin"', but SQLite does not support schemas. This configuration will be ignored by the SQLite provider.
[2024-03-06 20:55:22.219 +00:00] [WRN] [14] Microsoft.EntityFrameworkCore.Model.Validation: The entity type '"ActivityLog"' is configured to use schema '"jellyfin"', but SQLite does not support schemas. This configuration will be ignored by the SQLite provider.
[2024-03-06 20:55:22.219 +00:00] [WRN] [14] Microsoft.EntityFrameworkCore.Model.Validation: The entity type '"CustomItemDisplayPreferences"' is configured to use schema '"jellyfin"', but SQLite does not support schemas. This configuration will be ignored by the SQLite provider.
[2024-03-06 20:55:22.219 +00:00] [WRN] [14] Microsoft.EntityFrameworkCore.Model.Validation: The entity type '"DisplayPreferences"' is configured to use schema '"jellyfin"', but SQLite does not support schemas. This configuration will be ignored by the SQLite provider.
[2024-03-06 20:55:22.219 +00:00] [WRN] [14] Microsoft.EntityFrameworkCore.Model.Validation: The entity type '"HomeSection"' is configured to use schema '"jellyfin"', but SQLite does not support schemas. This configuration will be ignored by the SQLite provider.
[2024-03-06 20:55:22.219 +00:00] [WRN] [14] Microsoft.EntityFrameworkCore.Model.Validation: The entity type '"ImageInfo"' is configured to use schema '"jellyfin"', but SQLite does not support schemas. This configuration will be ignored by the SQLite provider.
[2024-03-06 20:55:22.219 +00:00] [WRN] [14] Microsoft.EntityFrameworkCore.Model.Validation: The entity type '"ItemDisplayPreferences"' is configured to use schema '"jellyfin"', but SQLite does not support schemas. This configuration will be ignored by the SQLite provider.
[2024-03-06 20:55:22.219 +00:00] [WRN] [14] Microsoft.EntityFrameworkCore.Model.Validation: The entity type '"Permission"' is configured to use schema '"jellyfin"', but SQLite does not support schemas. This configuration will be ignored by the SQLite provider.
[2024-03-06 20:55:22.219 +00:00] [WRN] [14] Microsoft.EntityFrameworkCore.Model.Validation: The entity type '"Preference"' is configured to use schema '"jellyfin"', but SQLite does not support schemas. This configuration will be ignored by the SQLite provider.
[2024-03-06 20:55:22.219 +00:00] [WRN] [14] Microsoft.EntityFrameworkCore.Model.Validation: The entity type '"ApiKey"' is configured to use schema '"jellyfin"', but SQLite does not support schemas. This configuration will be ignored by the SQLite provider.
[2024-03-06 20:55:22.219 +00:00] [WRN] [14] Microsoft.EntityFrameworkCore.Model.Validation: The entity type '"Device"' is configured to use schema '"jellyfin"', but SQLite does not support schemas. This configuration will be ignored by the SQLite provider.
[2024-03-06 20:55:22.220 +00:00] [WRN] [14] Microsoft.EntityFrameworkCore.Model.Validation: The entity type '"DeviceOptions"' is configured to use schema '"jellyfin"', but SQLite does not support schemas. This configuration will be ignored by the SQLite provider.
[2024-03-06 20:55:22.220 +00:00] [WRN] [14] Microsoft.EntityFrameworkCore.Model.Validation: The entity type '"User"' is configured to use schema '"jellyfin"', but SQLite does not support schemas. This configuration will be ignored by the SQLite provider.
[2024-03-06 20:58:22.240 +00:00] [INF] [29] Emby.Server.Implementations.ScheduledTasks.TaskManager: "IntervalTrigger" fired for task: "Scan Media Library"
[2024-03-06 20:58:22.240 +00:00] [INF] [29] Emby.Server.Implementations.ScheduledTasks.TaskManager: Queuing task "RefreshMediaLibraryTask"
[2024-03-06 20:58:22.240 +00:00] [INF] [25] Emby.Server.Implementations.ScheduledTasks.TaskManager: Executing "Scan Media Library"
[2024-03-06 20:58:22.251 +00:00] [INF] [25] Emby.Server.Implementations.Library.LibraryManager: Validating media library
[2024-03-06 20:58:26.990 +00:00] [ERR] [37] Emby.Server.Implementations.Library.LibraryManager: Error running post-scan task
System.ArgumentException: Not enough valid pictures provided to create a splashscreen!
   at Jellyfin.Drawing.Skia.SplashscreenBuilder.GenerateCollage(IReadOnlyList`1 posters, IReadOnlyList`1 backdrops)
   at Jellyfin.Drawing.Skia.SplashscreenBuilder.GenerateSplash(IReadOnlyList`1 posters, IReadOnlyList`1 backdrops, String outputPath)
   at Jellyfin.Drawing.Skia.SkiaEncoder.CreateSplashscreen(IReadOnlyList`1 posters, IReadOnlyList`1 backdrops)
   at Emby.Server.Implementations.Library.SplashscreenPostScanTask.Run(IProgress`1 progress, CancellationToken cancellationToken)
   at Emby.Server.Implementations.Library.LibraryManager.RunPostScanTasks(IProgress`1 progress, CancellationToken cancellationToken)
[2024-03-06 20:58:27.029 +00:00] [INF] [37] Emby.Server.Implementations.ScheduledTasks.TaskManager: "Scan Media Library" Completed after 0 minute(s) and 4 seconds
[2024-03-06 20:58:27.031 +00:00] [INF] [37] Emby.Server.Implementations.ScheduledTasks.TaskManager: ExecuteQueuedTasks
[2024-03-06 22:14:38.365 +00:00] [INF] [2] Main: Received a SIGTERM signal, shutting down
[2024-03-06 22:14:38.366 +00:00] [INF] [2] Main: Running query planner optimizations in the database... This might take a while
[2024-03-06 22:14:38.471 +00:00] [INF] [2] Emby.Server.Implementations.ApplicationHost: Disposing "CoreAppHost"
[2024-03-06 22:14:38.472 +00:00] [INF] [2] Emby.Server.Implementations.ApplicationHost: Disposing "EntryPoint"
[2024-03-06 22:14:38.472 +00:00] [INF] [2] Emby.Server.Implementations.ApplicationHost: Disposing "EntryPoint"
[2024-03-06 22:14:38.472 +00:00] [INF] [2] Emby.Server.Implementations.ApplicationHost: Disposing "UserDataChangeNotifier"
[2024-03-06 22:14:38.473 +00:00] [INF] [2] Emby.Server.Implementations.ApplicationHost: Disposing "MusicBrainzAlbumProvider"
[2024-03-06 22:14:38.473 +00:00] [INF] [2] Emby.Server.Implementations.ApplicationHost: Disposing "ExternalPortForwarding"
[2024-03-06 22:14:38.474 +00:00] [INF] [2] Emby.Server.Implementations.EntryPoints.ExternalPortForwarding: Stopping NAT discovery
[2024-03-06 22:14:38.478 +00:00] [INF] [2] Emby.Server.Implementations.ApplicationHost: Disposing "LibraryChangedNotifier"
[2024-03-06 22:14:38.479 +00:00] [INF] [2] Emby.Server.Implementations.ApplicationHost: Disposing "RecordingNotifier"
[2024-03-06 22:14:38.481 +00:00] [INF] [2] Emby.Server.Implementations.ApplicationHost: Disposing "DeviceAccessEntryPoint"
[2024-03-06 22:14:38.481 +00:00] [INF] [2] Emby.Server.Implementations.ApplicationHost: Disposing "SchedulesDirect"
[2024-03-06 22:14:38.481 +00:00] [INF] [2] Emby.Server.Implementations.ApplicationHost: Disposing "EmbyTV"
[2024-03-06 22:14:38.482 +00:00] [INF] [2] Emby.Server.Implementations.ApplicationHost: Disposing "NotificationEntryPoint"
[2024-03-06 22:14:38.483 +00:00] [INF] [2] Emby.Server.Implementations.ApplicationHost: Disposing "LibraryMonitorStartup"
[2024-03-06 22:14:38.483 +00:00] [INF] [2] Emby.Server.Implementations.ApplicationHost: Disposing "UdpServerEntryPoint"
[2024-03-06 22:14:38.484 +00:00] [INF] [2] Emby.Server.Implementations.ApplicationHost: Disposing "DlnaEntryPoint"
[2024-03-06 22:14:38.484 +00:00] [INF] [2] Emby.Dlna.Main.DlnaEntryPoint: Disposing PlayToManager
[2024-03-06 22:14:38.485 +00:00] [INF] [2] Emby.Dlna.Main.DlnaEntryPoint: Disposing DeviceDiscovery
[2024-03-06 22:14:38.486 +00:00] [INF] [2] Emby.Dlna.Main.DlnaEntryPoint: Disposing SsdpCommunicationsServer
[2024-03-06 22:14:38.486 +00:00] [INF] [2] Emby.Dlna.Main.DlnaEntryPoint: "SsdpCommunicationsServer" disposing _BroadcastListenSocket
[2024-03-06 22:14:38.488 +00:00] [INF] [2] Emby.Dlna.Main.DlnaEntryPoint: "SsdpCommunicationsServer" Disposing 3 sendSockets
[2024-03-06 22:14:38.488 +00:00] [INF] [2] Emby.Dlna.Main.DlnaEntryPoint: "SsdpCommunicationsServer" disposing sendSocket from "0.0.0.0"
[2024-03-06 22:14:38.488 +00:00] [INF] [2] Emby.Dlna.Main.DlnaEntryPoint: "SsdpCommunicationsServer" disposing sendSocket from "172.18.0.6"
[2024-03-06 22:14:38.488 +00:00] [INF] [2] Emby.Dlna.Main.DlnaEntryPoint: "SsdpCommunicationsServer" disposing sendSocket from "127.0.0.1"
[2024-03-06 22:17:16.166 +00:00] [INF] [1] Main: Jellyfin version: "10.8.13"
[2024-03-06 22:17:16.196 +00:00] [INF] [1] Main: Environment Variables: ["[JELLYFIN_CONFIG_DIR, /config/config]", "[JELLYFIN_WEB_DIR, /jellyfin/jellyfin-web]", "[DOTNET_SYSTEM_GLOBALIZATION_INVARIANT, 1]", "[JELLYFIN_FFMPEG, /usr/lib/jellyfin-ffmpeg/ffmpeg]", "[JELLYFIN_PublishedServerUrl, http://jf.docker.phonkd.net]", "[JELLYFIN_CACHE_DIR, /cache]", "[JELLYFIN_DATA_DIR, /config]", "[JELLYFIN_LOG_DIR, /config/log]"]
[2024-03-06 22:17:16.200 +00:00] [INF] [1] Main: Arguments: ["/jellyfin/jellyfin.dll"]
[2024-03-06 22:17:16.201 +00:00] [INF] [1] Main: Operating system: "Linux"
[2024-03-06 22:17:16.202 +00:00] [INF] [1] Main: Architecture: X64
[2024-03-06 22:17:16.203 +00:00] [INF] [1] Main: 64-Bit Process: True
[2024-03-06 22:17:16.203 +00:00] [INF] [1] Main: User Interactive: True
[2024-03-06 22:17:16.204 +00:00] [INF] [1] Main: Processor count: 6
[2024-03-06 22:17:16.204 +00:00] [INF] [1] Main: Program data path: "/config"
[2024-03-06 22:17:16.204 +00:00] [INF] [1] Main: Web resources path: "/jellyfin/jellyfin-web"
[2024-03-06 22:17:16.204 +00:00] [INF] [1] Main: Application directory: "/jellyfin/"
[2024-03-06 22:17:16.560 +00:00] [INF] [1] Emby.Server.Implementations.AppBase.BaseConfigurationManager: Setting cache path: "/cache"
[2024-03-06 22:17:16.693 +00:00] [INF] [1] Emby.Server.Implementations.ApplicationHost: Loading assemblies
[2024-03-06 22:17:16.940 +00:00] [INF] [1] Jellyfin.Networking.Manager.NetworkManager: Defined LAN addresses : "[10.0.0.0/8,172.16.0.0/12,192.168.0.0/16]"
[2024-03-06 22:17:16.940 +00:00] [INF] [1] Jellyfin.Networking.Manager.NetworkManager: Defined LAN exclusions : "[]"
[2024-03-06 22:17:16.941 +00:00] [INF] [1] Jellyfin.Networking.Manager.NetworkManager: Using LAN addresses: "[10.0.0.0/8,172.16.0.0/12,192.168.0.0/16]"
[2024-03-06 22:17:16.954 +00:00] [INF] [1] Jellyfin.Networking.Manager.NetworkManager: Using bind addresses: "[]"
[2024-03-06 22:17:16.954 +00:00] [INF] [1] Jellyfin.Networking.Manager.NetworkManager: Using bind exclusions: "[]"
[2024-03-06 22:17:20.739 +00:00] [INF] [1] Emby.Server.Implementations.Plugins.PluginManager: Loaded plugin: "TMDb" "10.8.13.0"
[2024-03-06 22:17:20.740 +00:00] [INF] [1] Emby.Server.Implementations.Plugins.PluginManager: Loaded plugin: "Studio Images" "10.8.13.0"
[2024-03-06 22:17:20.741 +00:00] [INF] [1] Emby.Server.Implementations.Plugins.PluginManager: Loaded plugin: "OMDb" "10.8.13.0"
[2024-03-06 22:17:20.741 +00:00] [INF] [1] Emby.Server.Implementations.Plugins.PluginManager: Loaded plugin: "MusicBrainz" "10.8.13.0"
[2024-03-06 22:17:20.741 +00:00] [INF] [1] Emby.Server.Implementations.Plugins.PluginManager: Loaded plugin: "AudioDB" "10.8.13.0"
[2024-03-06 22:17:20.818 +00:00] [INF] [1] Main: Kestrel listening on "Any IP4 Address"
[2024-03-06 22:17:21.278 +00:00] [INF] [1] Emby.Server.Implementations.ApplicationHost: Running startup tasks
[2024-03-06 22:17:21.338 +00:00] [INF] [1] Emby.Server.Implementations.ScheduledTasks.TaskManager: Daily trigger for "Extract Chapter Images" set to fire at 2024-03-07 02:00:00.000 +00:00, which is 03:42:38.6621786 from now.
[2024-03-06 22:17:21.670 +00:00] [INF] [1] MediaBrowser.MediaEncoding.Encoder.MediaEncoder: Found ffmpeg version "5.1.4"
[2024-03-06 22:17:21.732 +00:00] [INF] [1] MediaBrowser.MediaEncoding.Encoder.MediaEncoder: Available "decoders": ["libdav1d", "av1", "av1_cuvid", "av1_qsv", "h264", "h264_qsv", "h264_cuvid", "hevc", "hevc_qsv", "hevc_cuvid", "mpeg2video", "mpeg2_qsv", "mpeg2_cuvid", "mpeg4", "mpeg4_cuvid", "msmpeg4", "vc1_qsv", "vc1_cuvid", "vp8", "libvpx", "vp8_cuvid", "vp8_qsv", "vp9", "libvpx-vp9", "vp9_cuvid", "vp9_qsv", "aac", "ac3", "dca", "flac", "mp3", "truehd"]
[2024-03-06 22:17:21.773 +00:00] [INF] [1] MediaBrowser.MediaEncoding.Encoder.MediaEncoder: Available "encoders": ["libx264", "h264_amf", "h264_nvenc", "h264_qsv", "h264_v4l2m2m", "h264_vaapi", "libx265", "hevc_amf", "hevc_nvenc", "hevc_qsv", "hevc_vaapi", "mpeg4", "msmpeg4", "libvpx", "libvpx-vp9", "aac", "libfdk_aac", "ac3", "dca", "flac", "libmp3lame", "libopus", "truehd", "libvorbis", "srt"]
[2024-03-06 22:17:21.815 +00:00] [INF] [1] MediaBrowser.MediaEncoding.Encoder.MediaEncoder: Available filters: ["deinterlace_qsv", "deinterlace_vaapi", "hwupload_cuda", "hwupload_vaapi", "overlay_opencl", "overlay_qsv", "overlay_vaapi", "overlay_cuda", "procamp_vaapi", "scale_cuda", "scale_opencl", "scale_qsv", "scale_vaapi", "tonemap_cuda", "tonemap_opencl", "tonemap_vaapi", "vpp_qsv", "yadif_cuda", "zscale", "alphasrc"]
[2024-03-06 22:17:22.060 +00:00] [INF] [1] MediaBrowser.MediaEncoding.Encoder.MediaEncoder: Available hwaccel types: ["cuda", "vaapi", "qsv", "drm", "opencl", "vulkan"]
[2024-03-06 22:17:22.259 +00:00] [INF] [1] MediaBrowser.MediaEncoding.Encoder.MediaEncoder: FFmpeg: "/usr/lib/jellyfin-ffmpeg/ffmpeg"
[2024-03-06 22:17:22.260 +00:00] [INF] [1] Emby.Server.Implementations.ApplicationHost: ServerId: "6a4fb675e8494ff3a09aba24469d16d2"
[2024-03-06 22:17:22.392 +00:00] [INF] [1] Emby.Server.Implementations.ApplicationHost: Executed all pre-startup entry points in 0:00:00.1204659
[2024-03-06 22:17:22.392 +00:00] [INF] [1] Emby.Server.Implementations.ApplicationHost: Core startup complete
[2024-03-06 22:17:22.623 +00:00] [INF] [1] Emby.Server.Implementations.ApplicationHost: Executed all post-startup entry points in 0:00:00.2304931
[2024-03-06 22:17:22.623 +00:00] [INF] [1] Main: Startup complete 0:00:05.8827047
[2024-03-06 22:17:24.345 +00:00] [INF] [15] Emby.Server.Implementations.ScheduledTasks.TaskManager: "StartupTrigger" fired for task: "Update Plugins"
[2024-03-06 22:17:24.346 +00:00] [INF] [15] Emby.Server.Implementations.ScheduledTasks.TaskManager: Queuing task "PluginUpdateTask"
[2024-03-06 22:17:24.350 +00:00] [INF] [13] Emby.Server.Implementations.ScheduledTasks.TaskManager: Executing "Update Plugins"
[2024-03-06 22:17:25.233 +00:00] [INF] [11] Emby.Server.Implementations.ScheduledTasks.TaskManager: "Update Plugins" Completed after 0 minute(s) and 0 seconds
[2024-03-06 22:17:25.245 +00:00] [INF] [11] Emby.Server.Implementations.ScheduledTasks.TaskManager: ExecuteQueuedTasks
[2024-03-06 22:17:46.699 +00:00] [WRN] [14] Microsoft.EntityFrameworkCore.Model.Validation: The entity type '"AccessSchedule"' is configured to use schema '"jellyfin"', but SQLite does not support schemas. This configuration will be ignored by the SQLite provider.
[2024-03-06 22:17:46.701 +00:00] [WRN] [14] Microsoft.EntityFrameworkCore.Model.Validation: The entity type '"ActivityLog"' is configured to use schema '"jellyfin"', but SQLite does not support schemas. This configuration will be ignored by the SQLite provider.
[2024-03-06 22:17:46.701 +00:00] [WRN] [14] Microsoft.EntityFrameworkCore.Model.Validation: The entity type '"CustomItemDisplayPreferences"' is configured to use schema '"jellyfin"', but SQLite does not support schemas. This configuration will be ignored by the SQLite provider.
[2024-03-06 22:17:46.701 +00:00] [WRN] [14] Microsoft.EntityFrameworkCore.Model.Validation: The entity type '"DisplayPreferences"' is configured to use schema '"jellyfin"', but SQLite does not support schemas. This configuration will be ignored by the SQLite provider.
[2024-03-06 22:17:46.701 +00:00] [WRN] [14] Microsoft.EntityFrameworkCore.Model.Validation: The entity type '"HomeSection"' is configured to use schema '"jellyfin"', but SQLite does not support schemas. This configuration will be ignored by the SQLite provider.
[2024-03-06 22:17:46.701 +00:00] [WRN] [14] Microsoft.EntityFrameworkCore.Model.Validation: The entity type '"ImageInfo"' is configured to use schema '"jellyfin"', but SQLite does not support schemas. This configuration will be ignored by the SQLite provider.
[2024-03-06 22:17:46.701 +00:00] [WRN] [14] Microsoft.EntityFrameworkCore.Model.Validation: The entity type '"ItemDisplayPreferences"' is configured to use schema '"jellyfin"', but SQLite does not support schemas. This configuration will be ignored by the SQLite provider.
[2024-03-06 22:17:46.701 +00:00] [WRN] [14] Microsoft.EntityFrameworkCore.Model.Validation: The entity type '"Permission"' is configured to use schema '"jellyfin"', but SQLite does not support schemas. This configuration will be ignored by the SQLite provider.
[2024-03-06 22:17:46.701 +00:00] [WRN] [14] Microsoft.EntityFrameworkCore.Model.Validation: The entity type '"Preference"' is configured to use schema '"jellyfin"', but SQLite does not support schemas. This configuration will be ignored by the SQLite provider.
[2024-03-06 22:17:46.701 +00:00] [WRN] [14] Microsoft.EntityFrameworkCore.Model.Validation: The entity type '"ApiKey"' is configured to use schema '"jellyfin"', but SQLite does not support schemas. This configuration will be ignored by the SQLite provider.
[2024-03-06 22:17:46.701 +00:00] [WRN] [14] Microsoft.EntityFrameworkCore.Model.Validation: The entity type '"Device"' is configured to use schema '"jellyfin"', but SQLite does not support schemas. This configuration will be ignored by the SQLite provider.
[2024-03-06 22:17:46.701 +00:00] [WRN] [14] Microsoft.EntityFrameworkCore.Model.Validation: The entity type '"DeviceOptions"' is configured to use schema '"jellyfin"', but SQLite does not support schemas. This configuration will be ignored by the SQLite provider.
[2024-03-06 22:17:46.701 +00:00] [WRN] [14] Microsoft.EntityFrameworkCore.Model.Validation: The entity type '"User"' is configured to use schema '"jellyfin"', but SQLite does not support schemas. This configuration will be ignored by the SQLite provider.
[2024-03-06 23:31:40.907 +00:00] [INF] [2] Main: Received a SIGTERM signal, shutting down
[2024-03-06 23:31:40.909 +00:00] [INF] [2] Main: Running query planner optimizations in the database... This might take a while
[2024-03-06 23:31:40.996 +00:00] [INF] [2] Emby.Server.Implementations.ApplicationHost: Disposing "CoreAppHost"
[2024-03-06 23:31:40.998 +00:00] [INF] [2] Emby.Server.Implementations.ApplicationHost: Disposing "EntryPoint"
[2024-03-06 23:31:40.998 +00:00] [INF] [2] Emby.Server.Implementations.ApplicationHost: Disposing "EntryPoint"
[2024-03-06 23:31:40.999 +00:00] [INF] [2] Emby.Server.Implementations.ApplicationHost: Disposing "UserDataChangeNotifier"
[2024-03-06 23:31:40.999 +00:00] [INF] [2] Emby.Server.Implementations.ApplicationHost: Disposing "MusicBrainzAlbumProvider"
[2024-03-06 23:31:40.999 +00:00] [INF] [2] Emby.Server.Implementations.ApplicationHost: Disposing "ExternalPortForwarding"
[2024-03-06 23:31:41.000 +00:00] [INF] [2] Emby.Server.Implementations.EntryPoints.ExternalPortForwarding: Stopping NAT discovery
[2024-03-06 23:31:41.003 +00:00] [INF] [2] Emby.Server.Implementations.ApplicationHost: Disposing "LibraryChangedNotifier"
[2024-03-06 23:31:41.006 +00:00] [INF] [2] Emby.Server.Implementations.ApplicationHost: Disposing "RecordingNotifier"
[2024-03-06 23:31:41.007 +00:00] [INF] [2] Emby.Server.Implementations.ApplicationHost: Disposing "DeviceAccessEntryPoint"
[2024-03-06 23:31:41.007 +00:00] [INF] [2] Emby.Server.Implementations.ApplicationHost: Disposing "SchedulesDirect"
[2024-03-06 23:31:41.007 +00:00] [INF] [2] Emby.Server.Implementations.ApplicationHost: Disposing "EmbyTV"
[2024-03-06 23:31:41.008 +00:00] [INF] [2] Emby.Server.Implementations.ApplicationHost: Disposing "NotificationEntryPoint"
[2024-03-06 23:31:41.009 +00:00] [INF] [2] Emby.Server.Implementations.ApplicationHost: Disposing "LibraryMonitorStartup"
[2024-03-06 23:31:41.009 +00:00] [INF] [2] Emby.Server.Implementations.ApplicationHost: Disposing "UdpServerEntryPoint"
[2024-03-06 23:31:41.009 +00:00] [INF] [2] Emby.Server.Implementations.ApplicationHost: Disposing "DlnaEntryPoint"
[2024-03-06 23:31:41.010 +00:00] [INF] [2] Emby.Dlna.Main.DlnaEntryPoint: Disposing PlayToManager
[2024-03-06 23:31:41.011 +00:00] [INF] [2] Emby.Dlna.Main.DlnaEntryPoint: Disposing DeviceDiscovery
[2024-03-06 23:31:41.012 +00:00] [INF] [2] Emby.Dlna.Main.DlnaEntryPoint: Disposing SsdpCommunicationsServer
[2024-03-06 23:31:41.012 +00:00] [INF] [2] Emby.Dlna.Main.DlnaEntryPoint: "SsdpCommunicationsServer" disposing _BroadcastListenSocket
[2024-03-06 23:31:41.013 +00:00] [INF] [2] Emby.Dlna.Main.DlnaEntryPoint: "SsdpCommunicationsServer" Disposing 3 sendSockets
[2024-03-06 23:31:41.013 +00:00] [INF] [2] Emby.Dlna.Main.DlnaEntryPoint: "SsdpCommunicationsServer" disposing sendSocket from "0.0.0.0"
[2024-03-06 23:31:41.013 +00:00] [INF] [2] Emby.Dlna.Main.DlnaEntryPoint: "SsdpCommunicationsServer" disposing sendSocket from "172.18.0.7"
[2024-03-06 23:31:41.014 +00:00] [INF] [2] Emby.Dlna.Main.DlnaEntryPoint: "SsdpCommunicationsServer" disposing sendSocket from "127.0.0.1"
