[2024-03-08 02:00:00.005 +00:00] [INF] [180] Emby.Server.Implementations.ScheduledTasks.TaskManager: "DailyTrigger" fired for task: "Extract Chapter Images"
[2024-03-08 02:00:00.005 +00:00] [INF] [180] Emby.Server.Implementations.ScheduledTasks.TaskManager: Queuing task "ChapterImagesTask"
[2024-03-08 02:00:00.005 +00:00] [INF] [179] Emby.Server.Implementations.ScheduledTasks.TaskManager: Executing "Extract Chapter Images"
[2024-03-08 02:00:00.036 +00:00] [INF] [179] Emby.Server.Implementations.ScheduledTasks.TaskManager: "Extract Chapter Images" Completed after 0 minute(s) and 0 seconds
[2024-03-08 02:00:00.036 +00:00] [INF] [179] Emby.Server.Implementations.ScheduledTasks.TaskManager: ExecuteQueuedTasks
[2024-03-08 02:00:01.006 +00:00] [INF] [179] Emby.Server.Implementations.ScheduledTasks.TaskManager: Daily trigger for "Extract Chapter Images" set to fire at 2024-03-09 02:00:00.000 +00:00, which is 23:59:58.9937659 from now.
[2024-03-08 08:13:16.287 +00:00] [INF] [288] Emby.Server.Implementations.ScheduledTasks.TaskManager: "IntervalTrigger" fired for task: "Update Plugins"
[2024-03-08 08:13:16.287 +00:00] [INF] [288] Emby.Server.Implementations.ScheduledTasks.TaskManager: Queuing task "PluginUpdateTask"
[2024-03-08 08:13:16.287 +00:00] [INF] [285] Emby.Server.Implementations.ScheduledTasks.TaskManager: Executing "Update Plugins"
[2024-03-08 08:13:16.960 +00:00] [INF] [284] Emby.Server.Implementations.ScheduledTasks.TaskManager: "Update Plugins" Completed after 0 minute(s) and 0 seconds
[2024-03-08 08:13:16.960 +00:00] [INF] [284] Emby.Server.Implementations.ScheduledTasks.TaskManager: ExecuteQueuedTasks
[2024-03-08 08:14:12.452 +00:00] [INF] [277] Emby.Server.Implementations.ScheduledTasks.TaskManager: "IntervalTrigger" fired for task: "Clean Cache Directory"
[2024-03-08 08:14:12.452 +00:00] [INF] [273] Emby.Server.Implementations.ScheduledTasks.TaskManager: "IntervalTrigger" fired for task: "Clean Log Directory"
[2024-03-08 08:14:12.452 +00:00] [INF] [277] Emby.Server.Implementations.ScheduledTasks.TaskManager: Queuing task "DeleteCacheFileTask"
[2024-03-08 08:14:12.452 +00:00] [INF] [278] Emby.Server.Implementations.ScheduledTasks.TaskManager: "IntervalTrigger" fired for task: "Clean Transcode Directory"
[2024-03-08 08:14:12.452 +00:00] [INF] [273] Emby.Server.Implementations.ScheduledTasks.TaskManager: Queuing task "DeleteLogFileTask"
[2024-03-08 08:14:12.452 +00:00] [INF] [278] Emby.Server.Implementations.ScheduledTasks.TaskManager: Queuing task "DeleteTranscodeFileTask"
[2024-03-08 08:14:12.452 +00:00] [INF] [277] Emby.Server.Implementations.ScheduledTasks.TaskManager: Executing "Clean Cache Directory"
[2024-03-08 08:14:12.452 +00:00] [INF] [273] Emby.Server.Implementations.ScheduledTasks.TaskManager: Executing "Clean Log Directory"
[2024-03-08 08:14:12.452 +00:00] [INF] [278] Emby.Server.Implementations.ScheduledTasks.TaskManager: Executing "Clean Transcode Directory"
[2024-03-08 08:14:12.454 +00:00] [INF] [273] Emby.Server.Implementations.ScheduledTasks.TaskManager: "Clean Log Directory" Completed after 0 minute(s) and 0 seconds
[2024-03-08 08:14:12.454 +00:00] [INF] [278] Emby.Server.Implementations.ScheduledTasks.TaskManager: "Clean Transcode Directory" Completed after 0 minute(s) and 0 seconds
[2024-03-08 08:14:12.455 +00:00] [INF] [273] Emby.Server.Implementations.ScheduledTasks.TaskManager: ExecuteQueuedTasks
[2024-03-08 08:14:12.472 +00:00] [INF] [278] Emby.Server.Implementations.ScheduledTasks.TaskManager: ExecuteQueuedTasks
[2024-03-08 08:14:12.485 +00:00] [INF] [277] Emby.Server.Implementations.ScheduledTasks.TaskManager: "Clean Cache Directory" Completed after 0 minute(s) and 0 seconds
[2024-03-08 08:14:12.485 +00:00] [INF] [277] Emby.Server.Implementations.ScheduledTasks.TaskManager: ExecuteQueuedTasks
[2024-03-08 08:14:12.517 +00:00] [INF] [277] Emby.Server.Implementations.ScheduledTasks.TaskManager: "IntervalTrigger" fired for task: "Download missing subtitles"
[2024-03-08 08:14:12.517 +00:00] [INF] [277] Emby.Server.Implementations.ScheduledTasks.TaskManager: Queuing task "SubtitleScheduledTask"
[2024-03-08 08:14:12.518 +00:00] [INF] [277] Emby.Server.Implementations.ScheduledTasks.TaskManager: Executing "Download missing subtitles"
[2024-03-08 08:14:12.524 +00:00] [INF] [277] Emby.Server.Implementations.ScheduledTasks.TaskManager: "Download missing subtitles" Completed after 0 minute(s) and 0 seconds
[2024-03-08 08:14:12.524 +00:00] [INF] [277] Emby.Server.Implementations.ScheduledTasks.TaskManager: ExecuteQueuedTasks
[2024-03-08 08:14:12.545 +00:00] [INF] [277] Emby.Server.Implementations.ScheduledTasks.TaskManager: "IntervalTrigger" fired for task: "TasksRefreshChannels"
[2024-03-08 08:14:12.545 +00:00] [INF] [277] Emby.Server.Implementations.ScheduledTasks.TaskManager: Queuing task "RefreshChannelsScheduledTask"
[2024-03-08 08:14:12.545 +00:00] [INF] [277] Emby.Server.Implementations.ScheduledTasks.TaskManager: Executing "TasksRefreshChannels"
[2024-03-08 08:14:12.551 +00:00] [INF] [277] Emby.Server.Implementations.ScheduledTasks.TaskManager: "TasksRefreshChannels" Completed after 0 minute(s) and 0 seconds
[2024-03-08 08:14:12.552 +00:00] [INF] [277] Emby.Server.Implementations.ScheduledTasks.TaskManager: ExecuteQueuedTasks
[2024-03-08 08:14:12.614 +00:00] [INF] [277] Emby.Server.Implementations.ScheduledTasks.TaskManager: "IntervalTrigger" fired for task: "Optimize database"
[2024-03-08 08:14:12.614 +00:00] [INF] [277] Emby.Server.Implementations.ScheduledTasks.TaskManager: Queuing task "OptimizeDatabaseTask"
[2024-03-08 08:14:12.614 +00:00] [INF] [277] Emby.Server.Implementations.ScheduledTasks.TaskManager: Executing "Optimize database"
[2024-03-08 08:14:12.615 +00:00] [INF] [277] Emby.Server.Implementations.ScheduledTasks.Tasks.OptimizeDatabaseTask: Optimizing and vacuuming jellyfin.db...
[2024-03-08 08:14:12.699 +00:00] [INF] [277] Emby.Server.Implementations.ScheduledTasks.Tasks.OptimizeDatabaseTask: jellyfin.db optimized successfully!
[2024-03-08 08:14:12.700 +00:00] [INF] [277] Emby.Server.Implementations.ScheduledTasks.TaskManager: "Optimize database" Completed after 0 minute(s) and 0 seconds
[2024-03-08 08:14:12.700 +00:00] [INF] [277] Emby.Server.Implementations.ScheduledTasks.TaskManager: ExecuteQueuedTasks
[2024-03-08 08:14:15.619 +00:00] [INF] [278] Emby.Server.Implementations.ScheduledTasks.TaskManager: "IntervalTrigger" fired for task: "Refresh Guide"
[2024-03-08 08:14:15.619 +00:00] [INF] [278] Emby.Server.Implementations.ScheduledTasks.TaskManager: Queuing task "RefreshGuideScheduledTask"
[2024-03-08 08:14:15.619 +00:00] [INF] [278] Emby.Server.Implementations.ScheduledTasks.TaskManager: Executing "Refresh Guide"
[2024-03-08 08:14:18.671 +00:00] [INF] [278] Emby.Server.Implementations.LiveTv.LiveTvManager: Refreshing guide with 7 days of guide data
[2024-03-08 08:14:18.681 +00:00] [INF] [278] Emby.Server.Implementations.ScheduledTasks.TaskManager: "Refresh Guide" Completed after 0 minute(s) and 3 seconds
[2024-03-08 08:14:18.681 +00:00] [INF] [278] Emby.Server.Implementations.ScheduledTasks.TaskManager: ExecuteQueuedTasks
[2024-03-08 08:52:23.438 +00:00] [INF] [2] Main: Received a SIGTERM signal, shutting down
[2024-03-08 08:52:23.441 +00:00] [INF] [2] Main: Running query planner optimizations in the database... This might take a while
[2024-03-08 08:52:23.457 +00:00] [INF] [2] Emby.Server.Implementations.ApplicationHost: Disposing "CoreAppHost"
[2024-03-08 08:52:23.459 +00:00] [INF] [2] Emby.Server.Implementations.ApplicationHost: Disposing "EntryPoint"
[2024-03-08 08:52:23.460 +00:00] [INF] [2] Emby.Server.Implementations.ApplicationHost: Disposing "EntryPoint"
[2024-03-08 08:52:23.460 +00:00] [INF] [2] Emby.Server.Implementations.ApplicationHost: Disposing "UserDataChangeNotifier"
[2024-03-08 08:52:23.461 +00:00] [INF] [2] Emby.Server.Implementations.ApplicationHost: Disposing "MusicBrainzAlbumProvider"
[2024-03-08 08:52:23.462 +00:00] [INF] [2] Emby.Server.Implementations.ApplicationHost: Disposing "ExternalPortForwarding"
[2024-03-08 08:52:23.463 +00:00] [INF] [2] Emby.Server.Implementations.EntryPoints.ExternalPortForwarding: Stopping NAT discovery
[2024-03-08 08:52:23.469 +00:00] [INF] [2] Emby.Server.Implementations.ApplicationHost: Disposing "LibraryChangedNotifier"
[2024-03-08 08:52:23.472 +00:00] [INF] [2] Emby.Server.Implementations.ApplicationHost: Disposing "RecordingNotifier"
[2024-03-08 08:52:23.484 +00:00] [INF] [2] Emby.Server.Implementations.ApplicationHost: Disposing "DeviceAccessEntryPoint"
[2024-03-08 08:52:23.484 +00:00] [INF] [2] Emby.Server.Implementations.ApplicationHost: Disposing "SchedulesDirect"
[2024-03-08 08:52:23.485 +00:00] [INF] [2] Emby.Server.Implementations.ApplicationHost: Disposing "EmbyTV"
[2024-03-08 08:52:23.486 +00:00] [INF] [2] Emby.Server.Implementations.ApplicationHost: Disposing "NotificationEntryPoint"
[2024-03-08 08:52:23.488 +00:00] [INF] [2] Emby.Server.Implementations.ApplicationHost: Disposing "LibraryMonitorStartup"
[2024-03-08 08:52:23.488 +00:00] [INF] [2] Emby.Server.Implementations.ApplicationHost: Disposing "UdpServerEntryPoint"
[2024-03-08 08:52:23.489 +00:00] [INF] [2] Emby.Server.Implementations.ApplicationHost: Disposing "DlnaEntryPoint"
[2024-03-08 08:52:23.490 +00:00] [INF] [2] Emby.Dlna.Main.DlnaEntryPoint: Disposing PlayToManager
[2024-03-08 08:52:23.491 +00:00] [INF] [2] Emby.Dlna.Main.DlnaEntryPoint: Disposing DeviceDiscovery
[2024-03-08 08:52:23.492 +00:00] [INF] [2] Emby.Dlna.Main.DlnaEntryPoint: Disposing SsdpCommunicationsServer
[2024-03-08 08:52:23.493 +00:00] [INF] [2] Emby.Dlna.Main.DlnaEntryPoint: "SsdpCommunicationsServer" disposing _BroadcastListenSocket
[2024-03-08 08:52:23.494 +00:00] [INF] [2] Emby.Dlna.Main.DlnaEntryPoint: "SsdpCommunicationsServer" Disposing 3 sendSockets
[2024-03-08 08:52:23.495 +00:00] [INF] [2] Emby.Dlna.Main.DlnaEntryPoint: "SsdpCommunicationsServer" disposing sendSocket from "0.0.0.0"
[2024-03-08 08:52:23.495 +00:00] [INF] [2] Emby.Dlna.Main.DlnaEntryPoint: "SsdpCommunicationsServer" disposing sendSocket from "172.18.0.7"
[2024-03-08 08:52:23.495 +00:00] [INF] [2] Emby.Dlna.Main.DlnaEntryPoint: "SsdpCommunicationsServer" disposing sendSocket from "127.0.0.1"
[2024-03-08 08:54:25.850 +00:00] [INF] [1] Main: Jellyfin version: "10.8.13"
[2024-03-08 08:54:25.903 +00:00] [INF] [1] Main: Environment Variables: ["[JELLYFIN_FFMPEG, /usr/lib/jellyfin-ffmpeg/ffmpeg]", "[JELLYFIN_CACHE_DIR, /cache]", "[JELLYFIN_LOG_DIR, /config/log]", "[JELLYFIN_WEB_DIR, /jellyfin/jellyfin-web]", "[DOTNET_SYSTEM_GLOBALIZATION_INVARIANT, 1]", "[JELLYFIN_PublishedServerUrl, http://jf.docker.phonkd.net]", "[JELLYFIN_CONFIG_DIR, /config/config]", "[JELLYFIN_DATA_DIR, /config]"]
[2024-03-08 08:54:25.916 +00:00] [INF] [1] Main: Arguments: ["/jellyfin/jellyfin.dll"]
[2024-03-08 08:54:25.917 +00:00] [INF] [1] Main: Operating system: "Linux"
[2024-03-08 08:54:25.917 +00:00] [INF] [1] Main: Architecture: X64
[2024-03-08 08:54:25.918 +00:00] [INF] [1] Main: 64-Bit Process: True
[2024-03-08 08:54:25.918 +00:00] [INF] [1] Main: User Interactive: True
[2024-03-08 08:54:25.919 +00:00] [INF] [1] Main: Processor count: 6
[2024-03-08 08:54:25.919 +00:00] [INF] [1] Main: Program data path: "/config"
[2024-03-08 08:54:25.919 +00:00] [INF] [1] Main: Web resources path: "/jellyfin/jellyfin-web"
[2024-03-08 08:54:25.919 +00:00] [INF] [1] Main: Application directory: "/jellyfin/"
[2024-03-08 08:54:26.402 +00:00] [INF] [1] Emby.Server.Implementations.AppBase.BaseConfigurationManager: Setting cache path: "/cache"
[2024-03-08 08:54:26.527 +00:00] [INF] [1] Emby.Server.Implementations.ApplicationHost: Loading assemblies
[2024-03-08 08:54:26.781 +00:00] [INF] [1] Jellyfin.Networking.Manager.NetworkManager: Defined LAN addresses : "[10.0.0.0/8,172.16.0.0/12,192.168.0.0/16]"
[2024-03-08 08:54:26.781 +00:00] [INF] [1] Jellyfin.Networking.Manager.NetworkManager: Defined LAN exclusions : "[]"
[2024-03-08 08:54:26.782 +00:00] [INF] [1] Jellyfin.Networking.Manager.NetworkManager: Using LAN addresses: "[10.0.0.0/8,172.16.0.0/12,192.168.0.0/16]"
[2024-03-08 08:54:26.796 +00:00] [INF] [1] Jellyfin.Networking.Manager.NetworkManager: Using bind addresses: "[]"
[2024-03-08 08:54:26.797 +00:00] [INF] [1] Jellyfin.Networking.Manager.NetworkManager: Using bind exclusions: "[]"
[2024-03-08 08:54:29.505 +00:00] [INF] [1] Emby.Server.Implementations.Plugins.PluginManager: Loaded plugin: "TMDb" "10.8.13.0"
[2024-03-08 08:54:29.506 +00:00] [INF] [1] Emby.Server.Implementations.Plugins.PluginManager: Loaded plugin: "Studio Images" "10.8.13.0"
[2024-03-08 08:54:29.507 +00:00] [INF] [1] Emby.Server.Implementations.Plugins.PluginManager: Loaded plugin: "OMDb" "10.8.13.0"
[2024-03-08 08:54:29.507 +00:00] [INF] [1] Emby.Server.Implementations.Plugins.PluginManager: Loaded plugin: "MusicBrainz" "10.8.13.0"
[2024-03-08 08:54:29.508 +00:00] [INF] [1] Emby.Server.Implementations.Plugins.PluginManager: Loaded plugin: "AudioDB" "10.8.13.0"
[2024-03-08 08:54:29.598 +00:00] [INF] [1] Main: Kestrel listening on "Any IP4 Address"
[2024-03-08 08:54:30.101 +00:00] [INF] [1] Emby.Server.Implementations.ApplicationHost: Running startup tasks
[2024-03-08 08:54:30.170 +00:00] [INF] [1] Emby.Server.Implementations.ScheduledTasks.TaskManager: Daily trigger for "Extract Chapter Images" set to fire at 2024-03-09 02:00:00.000 +00:00, which is 17:05:29.8301066 from now.
[2024-03-08 08:54:30.533 +00:00] [INF] [1] MediaBrowser.MediaEncoding.Encoder.MediaEncoder: Found ffmpeg version "5.1.4"
[2024-03-08 08:54:30.597 +00:00] [INF] [1] MediaBrowser.MediaEncoding.Encoder.MediaEncoder: Available "decoders": ["libdav1d", "av1", "av1_cuvid", "av1_qsv", "h264", "h264_qsv", "h264_cuvid", "hevc", "hevc_qsv", "hevc_cuvid", "mpeg2video", "mpeg2_qsv", "mpeg2_cuvid", "mpeg4", "mpeg4_cuvid", "msmpeg4", "vc1_qsv", "vc1_cuvid", "vp8", "libvpx", "vp8_cuvid", "vp8_qsv", "vp9", "libvpx-vp9", "vp9_cuvid", "vp9_qsv", "aac", "ac3", "dca", "flac", "mp3", "truehd"]
[2024-03-08 08:54:30.641 +00:00] [INF] [1] MediaBrowser.MediaEncoding.Encoder.MediaEncoder: Available "encoders": ["libx264", "h264_amf", "h264_nvenc", "h264_qsv", "h264_v4l2m2m", "h264_vaapi", "libx265", "hevc_amf", "hevc_nvenc", "hevc_qsv", "hevc_vaapi", "mpeg4", "msmpeg4", "libvpx", "libvpx-vp9", "aac", "libfdk_aac", "ac3", "dca", "flac", "libmp3lame", "libopus", "truehd", "libvorbis", "srt"]
[2024-03-08 08:54:30.685 +00:00] [INF] [1] MediaBrowser.MediaEncoding.Encoder.MediaEncoder: Available filters: ["deinterlace_qsv", "deinterlace_vaapi", "hwupload_cuda", "hwupload_vaapi", "overlay_opencl", "overlay_qsv", "overlay_vaapi", "overlay_cuda", "procamp_vaapi", "scale_cuda", "scale_opencl", "scale_qsv", "scale_vaapi", "tonemap_cuda", "tonemap_opencl", "tonemap_vaapi", "vpp_qsv", "yadif_cuda", "zscale", "alphasrc"]
[2024-03-08 08:54:30.933 +00:00] [INF] [1] MediaBrowser.MediaEncoding.Encoder.MediaEncoder: Available hwaccel types: ["cuda", "vaapi", "qsv", "drm", "opencl", "vulkan"]
[2024-03-08 08:54:31.141 +00:00] [INF] [1] MediaBrowser.MediaEncoding.Encoder.MediaEncoder: FFmpeg: "/usr/lib/jellyfin-ffmpeg/ffmpeg"
[2024-03-08 08:54:31.142 +00:00] [INF] [1] Emby.Server.Implementations.ApplicationHost: ServerId: "6a4fb675e8494ff3a09aba24469d16d2"
[2024-03-08 08:54:31.279 +00:00] [INF] [1] Emby.Server.Implementations.ApplicationHost: Executed all pre-startup entry points in 0:00:00.1249026
[2024-03-08 08:54:31.279 +00:00] [INF] [1] Emby.Server.Implementations.ApplicationHost: Core startup complete
[2024-03-08 08:54:31.501 +00:00] [INF] [1] Emby.Server.Implementations.ApplicationHost: Executed all post-startup entry points in 0:00:00.2210222
[2024-03-08 08:54:31.501 +00:00] [INF] [1] Main: Startup complete 0:00:06.0930746
[2024-03-08 08:54:33.178 +00:00] [INF] [11] Emby.Server.Implementations.ScheduledTasks.TaskManager: "StartupTrigger" fired for task: "Update Plugins"
[2024-03-08 08:54:33.179 +00:00] [INF] [11] Emby.Server.Implementations.ScheduledTasks.TaskManager: Queuing task "PluginUpdateTask"
[2024-03-08 08:54:33.183 +00:00] [INF] [13] Emby.Server.Implementations.ScheduledTasks.TaskManager: Executing "Update Plugins"
[2024-03-08 08:54:41.217 +00:00] [INF] [11] Emby.Server.Implementations.ScheduledTasks.TaskManager: "Update Plugins" Completed after 0 minute(s) and 8 seconds
[2024-03-08 08:54:41.233 +00:00] [INF] [11] Emby.Server.Implementations.ScheduledTasks.TaskManager: ExecuteQueuedTasks
[2024-03-08 08:54:56.283 +00:00] [WRN] [13] Microsoft.EntityFrameworkCore.Model.Validation: The entity type '"AccessSchedule"' is configured to use schema '"jellyfin"', but SQLite does not support schemas. This configuration will be ignored by the SQLite provider.
[2024-03-08 08:54:56.285 +00:00] [WRN] [13] Microsoft.EntityFrameworkCore.Model.Validation: The entity type '"ActivityLog"' is configured to use schema '"jellyfin"', but SQLite does not support schemas. This configuration will be ignored by the SQLite provider.
[2024-03-08 08:54:56.285 +00:00] [WRN] [13] Microsoft.EntityFrameworkCore.Model.Validation: The entity type '"CustomItemDisplayPreferences"' is configured to use schema '"jellyfin"', but SQLite does not support schemas. This configuration will be ignored by the SQLite provider.
[2024-03-08 08:54:56.285 +00:00] [WRN] [13] Microsoft.EntityFrameworkCore.Model.Validation: The entity type '"DisplayPreferences"' is configured to use schema '"jellyfin"', but SQLite does not support schemas. This configuration will be ignored by the SQLite provider.
[2024-03-08 08:54:56.285 +00:00] [WRN] [13] Microsoft.EntityFrameworkCore.Model.Validation: The entity type '"HomeSection"' is configured to use schema '"jellyfin"', but SQLite does not support schemas. This configuration will be ignored by the SQLite provider.
[2024-03-08 08:54:56.286 +00:00] [WRN] [13] Microsoft.EntityFrameworkCore.Model.Validation: The entity type '"ImageInfo"' is configured to use schema '"jellyfin"', but SQLite does not support schemas. This configuration will be ignored by the SQLite provider.
[2024-03-08 08:54:56.286 +00:00] [WRN] [13] Microsoft.EntityFrameworkCore.Model.Validation: The entity type '"ItemDisplayPreferences"' is configured to use schema '"jellyfin"', but SQLite does not support schemas. This configuration will be ignored by the SQLite provider.
[2024-03-08 08:54:56.286 +00:00] [WRN] [13] Microsoft.EntityFrameworkCore.Model.Validation: The entity type '"Permission"' is configured to use schema '"jellyfin"', but SQLite does not support schemas. This configuration will be ignored by the SQLite provider.
[2024-03-08 08:54:56.286 +00:00] [WRN] [13] Microsoft.EntityFrameworkCore.Model.Validation: The entity type '"Preference"' is configured to use schema '"jellyfin"', but SQLite does not support schemas. This configuration will be ignored by the SQLite provider.
[2024-03-08 08:54:56.286 +00:00] [WRN] [13] Microsoft.EntityFrameworkCore.Model.Validation: The entity type '"ApiKey"' is configured to use schema '"jellyfin"', but SQLite does not support schemas. This configuration will be ignored by the SQLite provider.
[2024-03-08 08:54:56.286 +00:00] [WRN] [13] Microsoft.EntityFrameworkCore.Model.Validation: The entity type '"Device"' is configured to use schema '"jellyfin"', but SQLite does not support schemas. This configuration will be ignored by the SQLite provider.
[2024-03-08 08:54:56.286 +00:00] [WRN] [13] Microsoft.EntityFrameworkCore.Model.Validation: The entity type '"DeviceOptions"' is configured to use schema '"jellyfin"', but SQLite does not support schemas. This configuration will be ignored by the SQLite provider.
[2024-03-08 08:54:56.286 +00:00] [WRN] [13] Microsoft.EntityFrameworkCore.Model.Validation: The entity type '"User"' is configured to use schema '"jellyfin"', but SQLite does not support schemas. This configuration will be ignored by the SQLite provider.
[2024-03-08 08:58:35.804 +00:00] [INF] [38] Emby.Server.Implementations.ScheduledTasks.TaskManager: "IntervalTrigger" fired for task: "Scan Media Library"
[2024-03-08 08:58:35.804 +00:00] [INF] [38] Emby.Server.Implementations.ScheduledTasks.TaskManager: Queuing task "RefreshMediaLibraryTask"
[2024-03-08 08:58:35.805 +00:00] [INF] [38] Emby.Server.Implementations.ScheduledTasks.TaskManager: Executing "Scan Media Library"
[2024-03-08 08:58:35.813 +00:00] [INF] [38] Emby.Server.Implementations.Library.LibraryManager: Validating media library
[2024-03-08 08:58:40.091 +00:00] [ERR] [26] Emby.Server.Implementations.Library.LibraryManager: Error running post-scan task
System.ArgumentException: Not enough valid pictures provided to create a splashscreen!
   at Jellyfin.Drawing.Skia.SplashscreenBuilder.GenerateCollage(IReadOnlyList`1 posters, IReadOnlyList`1 backdrops)
   at Jellyfin.Drawing.Skia.SplashscreenBuilder.GenerateSplash(IReadOnlyList`1 posters, IReadOnlyList`1 backdrops, String outputPath)
   at Jellyfin.Drawing.Skia.SkiaEncoder.CreateSplashscreen(IReadOnlyList`1 posters, IReadOnlyList`1 backdrops)
   at Emby.Server.Implementations.Library.SplashscreenPostScanTask.Run(IProgress`1 progress, CancellationToken cancellationToken)
   at Emby.Server.Implementations.Library.LibraryManager.RunPostScanTasks(IProgress`1 progress, CancellationToken cancellationToken)
[2024-03-08 08:58:40.128 +00:00] [INF] [26] Emby.Server.Implementations.ScheduledTasks.TaskManager: "Scan Media Library" Completed after 0 minute(s) and 4 seconds
[2024-03-08 08:58:40.129 +00:00] [INF] [26] Emby.Server.Implementations.ScheduledTasks.TaskManager: ExecuteQueuedTasks
[2024-03-08 12:08:16.057 +00:00] [INF] [2] Main: Received a SIGTERM signal, shutting down
[2024-03-08 12:08:16.058 +00:00] [INF] [2] Main: Running query planner optimizations in the database... This might take a while
[2024-03-08 12:08:16.122 +00:00] [INF] [2] Emby.Server.Implementations.ApplicationHost: Disposing "CoreAppHost"
[2024-03-08 12:08:16.123 +00:00] [INF] [2] Emby.Server.Implementations.ApplicationHost: Disposing "EntryPoint"
[2024-03-08 12:08:16.124 +00:00] [INF] [2] Emby.Server.Implementations.ApplicationHost: Disposing "EntryPoint"
[2024-03-08 12:08:16.124 +00:00] [INF] [2] Emby.Server.Implementations.ApplicationHost: Disposing "UserDataChangeNotifier"
[2024-03-08 12:08:16.125 +00:00] [INF] [2] Emby.Server.Implementations.ApplicationHost: Disposing "MusicBrainzAlbumProvider"
[2024-03-08 12:08:16.125 +00:00] [INF] [2] Emby.Server.Implementations.ApplicationHost: Disposing "ExternalPortForwarding"
[2024-03-08 12:08:16.126 +00:00] [INF] [2] Emby.Server.Implementations.EntryPoints.ExternalPortForwarding: Stopping NAT discovery
[2024-03-08 12:08:16.130 +00:00] [INF] [2] Emby.Server.Implementations.ApplicationHost: Disposing "LibraryChangedNotifier"
[2024-03-08 12:08:16.132 +00:00] [INF] [2] Emby.Server.Implementations.ApplicationHost: Disposing "RecordingNotifier"
[2024-03-08 12:08:16.133 +00:00] [INF] [2] Emby.Server.Implementations.ApplicationHost: Disposing "DeviceAccessEntryPoint"
[2024-03-08 12:08:16.134 +00:00] [INF] [2] Emby.Server.Implementations.ApplicationHost: Disposing "SchedulesDirect"
[2024-03-08 12:08:16.134 +00:00] [INF] [2] Emby.Server.Implementations.ApplicationHost: Disposing "EmbyTV"
[2024-03-08 12:08:16.135 +00:00] [INF] [2] Emby.Server.Implementations.ApplicationHost: Disposing "NotificationEntryPoint"
[2024-03-08 12:08:16.136 +00:00] [INF] [2] Emby.Server.Implementations.ApplicationHost: Disposing "LibraryMonitorStartup"
[2024-03-08 12:08:16.136 +00:00] [INF] [2] Emby.Server.Implementations.ApplicationHost: Disposing "UdpServerEntryPoint"
[2024-03-08 12:08:16.137 +00:00] [INF] [2] Emby.Server.Implementations.ApplicationHost: Disposing "DlnaEntryPoint"
[2024-03-08 12:08:16.138 +00:00] [INF] [2] Emby.Dlna.Main.DlnaEntryPoint: Disposing PlayToManager
[2024-03-08 12:08:16.139 +00:00] [INF] [2] Emby.Dlna.Main.DlnaEntryPoint: Disposing DeviceDiscovery
[2024-03-08 12:08:16.140 +00:00] [INF] [2] Emby.Dlna.Main.DlnaEntryPoint: Disposing SsdpCommunicationsServer
[2024-03-08 12:08:16.140 +00:00] [INF] [2] Emby.Dlna.Main.DlnaEntryPoint: "SsdpCommunicationsServer" disposing _BroadcastListenSocket
[2024-03-08 12:08:16.142 +00:00] [INF] [2] Emby.Dlna.Main.DlnaEntryPoint: "SsdpCommunicationsServer" Disposing 3 sendSockets
[2024-03-08 12:08:16.143 +00:00] [INF] [2] Emby.Dlna.Main.DlnaEntryPoint: "SsdpCommunicationsServer" disposing sendSocket from "0.0.0.0"
[2024-03-08 12:08:16.143 +00:00] [INF] [2] Emby.Dlna.Main.DlnaEntryPoint: "SsdpCommunicationsServer" disposing sendSocket from "172.18.0.9"
[2024-03-08 12:08:16.143 +00:00] [INF] [2] Emby.Dlna.Main.DlnaEntryPoint: "SsdpCommunicationsServer" disposing sendSocket from "127.0.0.1"
